22:57:26.202 [main] INFO  com.intuit.karate.Runner - using system property 'karate.options': --tags @jonas
22:57:26.461 [main] INFO  com.intuit.karate.Runner - using system property 'karate.env': dev
22:57:26.839 [main] DEBUG com.intuit.karate.Suite - [config] classpath:karate-config.js
22:57:28.364 [main] INFO  com.intuit.karate - karate.env system property was: dev 
22:57:28.673 [main] DEBUG com.intuit.karate - request:
1 > GET https://api.realworld.io/api/tags
1 > Host: api.realworld.io
1 > Connection: Keep-Alive
1 > User-Agent: Apache-HttpClient/4.5.13 (Java/1.8.0_331)
1 > Accept-Encoding: gzip,deflate


22:57:29.292 [main] DEBUG com.intuit.karate - response time in milliseconds: 608
1 < 200
1 < Date: Thu, 11 Jan 2024 01:57:28 GMT
1 < Content-Type: application/json; charset=utf-8
1 < Transfer-Encoding: chunked
1 < Connection: keep-alive
1 < Report-To: {"group":"heroku-nel","max_age":3600,"endpoints":[{"url":"https://nel.heroku.com/reports?ts=1704938248&sid=c46efe9b-d3d2-4a0c-8c76-bfafa16c5add&s=1pUpkrwgx01nIPB3tplwliQainm60%2BM8UjD0E05yTbs%3D"}]}
1 < Reporting-Endpoints: heroku-nel=https://nel.heroku.com/reports?ts=1704938248&sid=c46efe9b-d3d2-4a0c-8c76-bfafa16c5add&s=1pUpkrwgx01nIPB3tplwliQainm60%2BM8UjD0E05yTbs%3D
1 < Nel: {"report_to":"heroku-nel","max_age":3600,"success_fraction":0.005,"failure_fraction":0.05,"response_headers":["Via"]}
1 < X-Powered-By: Express
1 < Access-Control-Allow-Origin: *
1 < Etag: W/"6e-J1InSPPsBTCH7nxH/Vl6q/ORu6o"
1 < Via: 1.1 vegur
1 < CF-Cache-Status: DYNAMIC
1 < Server: cloudflare
1 < CF-RAY: 84398c959cda06a3-SCL
1 < alt-svc: h3=":443"; ma=86400
{"tags":["enim","repellat","exercitationem","est","eos","quia","facilis","consequatur","occaecati","tenetur"]}
22:57:29.337 [main] INFO  com.intuit.karate - [print] {
  "tags": [
    "enim",
    "repellat",
    "exercitationem",
    "est",
    "eos",
    "quia",
    "facilis",
    "consequatur",
    "occaecati",
    "tenetur"
  ]
}
 
